08:36:27,392 |-INFO in ch.qos.logback.core.joran.spi.ConfigurationWatchList@16c3ca31 - URL [jar:nested:/home/ubuntu/spc_microservices/spring-petclinic-vets-service/target/spring-petclinic-vets-service-3.2.7.jar/!BOOT-INF/classes/!/logback-spring.xml] is not of type file
08:36:27,841 |-INFO in ch.qos.logback.core.joran.util.ConfigurationWatchListUtil@2d195ee4 - Adding [jar:nested:/home/ubuntu/spc_microservices/spring-petclinic-vets-service/target/spring-petclinic-vets-service-3.2.7.jar/!BOOT-INF/lib/spring-boot-3.2.7.jar!/org/springframework/boot/logging/logback/base.xml] to configuration watch list.
08:36:27,841 |-INFO in ch.qos.logback.core.joran.spi.ConfigurationWatchList@16c3ca31 - URL [jar:nested:/home/ubuntu/spc_microservices/spring-petclinic-vets-service/target/spring-petclinic-vets-service-3.2.7.jar/!BOOT-INF/lib/spring-boot-3.2.7.jar!/org/springframework/boot/logging/logback/base.xml] is not of type file
08:36:27,866 |-INFO in ch.qos.logback.core.joran.util.ConfigurationWatchListUtil@2d195ee4 - Adding [jar:nested:/home/ubuntu/spc_microservices/spring-petclinic-vets-service/target/spring-petclinic-vets-service-3.2.7.jar/!BOOT-INF/lib/spring-boot-3.2.7.jar!/org/springframework/boot/logging/logback/defaults.xml] to configuration watch list.
08:36:27,866 |-INFO in ch.qos.logback.core.joran.spi.ConfigurationWatchList@16c3ca31 - URL [jar:nested:/home/ubuntu/spc_microservices/spring-petclinic-vets-service/target/spring-petclinic-vets-service-3.2.7.jar/!BOOT-INF/lib/spring-boot-3.2.7.jar!/org/springframework/boot/logging/logback/defaults.xml] is not of type file
08:36:27,900 |-INFO in ch.qos.logback.core.joran.action.ConversionRuleAction - registering conversion word applicationName with class [org.springframework.boot.logging.logback.ApplicationNameConverter]
08:36:27,900 |-INFO in ch.qos.logback.core.joran.action.ConversionRuleAction - registering conversion word clr with class [org.springframework.boot.logging.logback.ColorConverter]
08:36:27,900 |-INFO in ch.qos.logback.core.joran.action.ConversionRuleAction - registering conversion word correlationId with class [org.springframework.boot.logging.logback.CorrelationIdConverter]
08:36:27,900 |-INFO in ch.qos.logback.core.joran.action.ConversionRuleAction - registering conversion word wex with class [org.springframework.boot.logging.logback.WhitespaceThrowableProxyConverter]
08:36:27,900 |-INFO in ch.qos.logback.core.joran.action.ConversionRuleAction - registering conversion word wEx with class [org.springframework.boot.logging.logback.ExtendedWhitespaceThrowableProxyConverter]
08:36:27,910 |-INFO in ch.qos.logback.core.joran.util.ConfigurationWatchListUtil@2d195ee4 - Adding [jar:nested:/home/ubuntu/spc_microservices/spring-petclinic-vets-service/target/spring-petclinic-vets-service-3.2.7.jar/!BOOT-INF/lib/spring-boot-3.2.7.jar!/org/springframework/boot/logging/logback/console-appender.xml] to configuration watch list.
08:36:27,910 |-INFO in ch.qos.logback.core.joran.spi.ConfigurationWatchList@16c3ca31 - URL [jar:nested:/home/ubuntu/spc_microservices/spring-petclinic-vets-service/target/spring-petclinic-vets-service-3.2.7.jar/!BOOT-INF/lib/spring-boot-3.2.7.jar!/org/springframework/boot/logging/logback/console-appender.xml] is not of type file
08:36:27,962 |-INFO in ch.qos.logback.core.joran.util.ConfigurationWatchListUtil@2d195ee4 - Adding [jar:nested:/home/ubuntu/spc_microservices/spring-petclinic-vets-service/target/spring-petclinic-vets-service-3.2.7.jar/!BOOT-INF/lib/spring-boot-3.2.7.jar!/org/springframework/boot/logging/logback/file-appender.xml] to configuration watch list.
08:36:27,962 |-INFO in ch.qos.logback.core.joran.spi.ConfigurationWatchList@16c3ca31 - URL [jar:nested:/home/ubuntu/spc_microservices/spring-petclinic-vets-service/target/spring-petclinic-vets-service-3.2.7.jar/!BOOT-INF/lib/spring-boot-3.2.7.jar!/org/springframework/boot/logging/logback/file-appender.xml] is not of type file
08:36:28,333 |-WARN in ch.qos.logback.core.model.processor.ImplicitModelHandler - Ignoring unknown property [jmxConfigurator] in [ch.qos.logback.classic.LoggerContext]
08:36:28,343 |-INFO in ch.qos.logback.classic.model.processor.LoggerModelHandler - Setting level of logger [org.apache.catalina.startup.DigesterFactory] to ERROR
08:36:28,343 |-INFO in ch.qos.logback.classic.jul.LevelChangePropagator@2d6aca33 - Propagating ERROR level on Logger[org.apache.catalina.startup.DigesterFactory] onto the JUL framework
08:36:28,353 |-INFO in ch.qos.logback.classic.model.processor.LoggerModelHandler - Setting level of logger [org.apache.catalina.util.LifecycleBase] to ERROR
08:36:28,353 |-INFO in ch.qos.logback.classic.jul.LevelChangePropagator@2d6aca33 - Propagating ERROR level on Logger[org.apache.catalina.util.LifecycleBase] onto the JUL framework
08:36:28,353 |-INFO in ch.qos.logback.classic.model.processor.LoggerModelHandler - Setting level of logger [org.apache.coyote.http11.Http11NioProtocol] to WARN
08:36:28,353 |-INFO in ch.qos.logback.classic.jul.LevelChangePropagator@2d6aca33 - Propagating WARN level on Logger[org.apache.coyote.http11.Http11NioProtocol] onto the JUL framework
08:36:28,353 |-INFO in ch.qos.logback.classic.model.processor.LoggerModelHandler - Setting level of logger [org.apache.sshd.common.util.SecurityUtils] to WARN
08:36:28,353 |-INFO in ch.qos.logback.classic.jul.LevelChangePropagator@2d6aca33 - Propagating WARN level on Logger[org.apache.sshd.common.util.SecurityUtils] onto the JUL framework
08:36:28,354 |-INFO in ch.qos.logback.classic.model.processor.LoggerModelHandler - Setting level of logger [org.apache.tomcat.util.net.NioSelectorPool] to WARN
08:36:28,354 |-INFO in ch.qos.logback.classic.jul.LevelChangePropagator@2d6aca33 - Propagating WARN level on Logger[org.apache.tomcat.util.net.NioSelectorPool] onto the JUL framework
08:36:28,354 |-INFO in ch.qos.logback.classic.model.processor.LoggerModelHandler - Setting level of logger [org.eclipse.jetty.util.component.AbstractLifeCycle] to ERROR
08:36:28,354 |-INFO in ch.qos.logback.classic.jul.LevelChangePropagator@2d6aca33 - Propagating ERROR level on Logger[org.eclipse.jetty.util.component.AbstractLifeCycle] onto the JUL framework
08:36:28,354 |-INFO in ch.qos.logback.classic.model.processor.LoggerModelHandler - Setting level of logger [org.hibernate.validator.internal.util.Version] to WARN
08:36:28,354 |-INFO in ch.qos.logback.classic.jul.LevelChangePropagator@2d6aca33 - Propagating WARN level on Logger[org.hibernate.validator.internal.util.Version] onto the JUL framework
08:36:28,354 |-INFO in ch.qos.logback.classic.model.processor.LoggerModelHandler - Setting level of logger [org.springframework.boot.actuate.endpoint.jmx] to WARN
08:36:28,354 |-INFO in ch.qos.logback.classic.jul.LevelChangePropagator@2d6aca33 - Propagating WARN level on Logger[org.springframework.boot.actuate.endpoint.jmx] onto the JUL framework
08:36:28,356 |-INFO in ch.qos.logback.core.model.processor.AppenderModelHandler - Processing appender named [CONSOLE]
08:36:28,356 |-INFO in ch.qos.logback.core.model.processor.AppenderModelHandler - About to instantiate appender of type [ch.qos.logback.core.ConsoleAppender]
08:36:28,391 |-INFO in ch.qos.logback.core.model.processor.ImplicitModelHandler - Assuming default type [ch.qos.logback.classic.encoder.PatternLayoutEncoder] for [encoder] property
08:36:28,582 |-INFO in ch.qos.logback.core.model.processor.AppenderModelHandler - Processing appender named [FILE]
08:36:28,582 |-INFO in ch.qos.logback.core.model.processor.AppenderModelHandler - About to instantiate appender of type [ch.qos.logback.core.rolling.RollingFileAppender]
08:36:28,606 |-INFO in ch.qos.logback.core.model.processor.ImplicitModelHandler - Assuming default type [ch.qos.logback.classic.encoder.PatternLayoutEncoder] for [encoder] property
08:36:28,650 |-INFO in c.q.l.core.rolling.SizeAndTimeBasedRollingPolicy@564893839 - setting totalSizeCap to 0 Bytes
08:36:28,691 |-INFO in c.q.l.core.rolling.SizeAndTimeBasedRollingPolicy@564893839 - Archive files will be limited to [10 MB] each.
08:36:28,709 |-INFO in c.q.l.core.rolling.SizeAndTimeBasedRollingPolicy@564893839 - Will use gz compression
08:36:28,717 |-INFO in c.q.l.core.rolling.SizeAndTimeBasedRollingPolicy@564893839 - Will use the pattern /tmp/spring.log.%d{yyyy-MM-dd}.%i for the active file
08:36:28,796 |-INFO in ch.qos.logback.core.rolling.SizeAndTimeBasedFNATP@29314cc9 - The date pattern is 'yyyy-MM-dd' from file name pattern '/tmp/spring.log.%d{yyyy-MM-dd}.%i.gz'.
08:36:28,796 |-INFO in ch.qos.logback.core.rolling.SizeAndTimeBasedFNATP@29314cc9 - Roll-over at midnight.
08:36:28,814 |-INFO in ch.qos.logback.core.rolling.SizeAndTimeBasedFNATP@29314cc9 - Setting initial period to 2024-09-24T08:35:19.706Z
08:36:28,843 |-INFO in ch.qos.logback.core.rolling.RollingFileAppender[FILE] - Active log file name: /tmp/spring.log
08:36:28,850 |-INFO in ch.qos.logback.core.rolling.RollingFileAppender[FILE] - File property is set to [/tmp/spring.log]
08:36:28,865 |-INFO in ch.qos.logback.classic.model.processor.RootLoggerModelHandler - Setting level of ROOT logger to INFO
08:36:28,865 |-INFO in ch.qos.logback.classic.jul.LevelChangePropagator@2d6aca33 - Propagating INFO level on Logger[ROOT] onto the JUL framework
08:36:28,866 |-INFO in ch.qos.logback.core.model.processor.AppenderRefModelHandler - Attaching appender named [CONSOLE] to Logger[ROOT]
08:36:28,866 |-INFO in ch.qos.logback.core.model.processor.AppenderRefModelHandler - Attaching appender named [FILE] to Logger[ROOT]
08:36:28,867 |-INFO in ch.qos.logback.core.model.processor.DefaultProcessor@4e38d975 - End of configuration.
08:36:28,867 |-INFO in org.springframework.boot.logging.logback.SpringBootJoranConfigurator@35f8a9d3 - Registering current configuration as safe fallback point


  .   ____          _            __ _ _
 /\\ / ___'_ __ _ _(_)_ __  __ _ \ \ \ \
( ( )\___ | '_ | '_| | '_ \/ _` | \ \ \ \
 \\/  ___)| |_)| | | | | || (_| |  ) ) ) )
  '  |____| .__|_| |_|_| |_\__, | / / / /
 =========|_|==============|___/=/_/_/_/
 :: Spring Boot ::                (v3.2.7)

2024-09-24T08:36:30.172Z  INFO 22312 --- [vets-service] [           main] [                                                 ] o.s.s.p.vets.VetsServiceApplication      : Starting VetsServiceApplication v3.2.7 using Java 17.0.12 with PID 22312 (/home/ubuntu/spc_microservices/spring-petclinic-vets-service/target/spring-petclinic-vets-service-3.2.7.jar started by ubuntu in /home/ubuntu/spc_microservices)
2024-09-24T08:36:30.222Z  INFO 22312 --- [vets-service] [           main] [                                                 ] o.s.s.p.vets.VetsServiceApplication      : The following 1 profile is active: "chaos-monkey"
2024-09-24T08:36:31.153Z  INFO 22312 --- [vets-service] [           main] [                                                 ] o.s.c.c.c.ConfigServerConfigDataLoader   : Fetching config from server at : http://config-server:8888/
2024-09-24T08:36:31.153Z  INFO 22312 --- [vets-service] [           main] [                                                 ] o.s.c.c.c.ConfigServerConfigDataLoader   : Exception on Url - http://config-server:8888/:org.springframework.web.client.ResourceAccessException: I/O error on GET request for "http://config-server:8888/vets-service/default": config-server. Will be trying the next url if available
2024-09-24T08:36:31.153Z  WARN 22312 --- [vets-service] [           main] [                                                 ] o.s.c.c.c.ConfigServerConfigDataLoader   : Could not locate PropertySource ([ConfigServerConfigDataResource@797501a uris = array<String>['http://config-server:8888/'], optional = true, profiles = 'default']): I/O error on GET request for "http://config-server:8888/vets-service/default": config-server
2024-09-24T08:36:31.154Z  INFO 22312 --- [vets-service] [           main] [                                                 ] o.s.c.c.c.ConfigServerConfigDataLoader   : Fetching config from server at : http://config-server:8888/
2024-09-24T08:36:31.154Z  INFO 22312 --- [vets-service] [           main] [                                                 ] o.s.c.c.c.ConfigServerConfigDataLoader   : Exception on Url - http://config-server:8888/:org.springframework.web.client.ResourceAccessException: I/O error on GET request for "http://config-server:8888/vets-service/chaos-monkey": config-server. Will be trying the next url if available
2024-09-24T08:36:31.164Z  WARN 22312 --- [vets-service] [           main] [                                                 ] o.s.c.c.c.ConfigServerConfigDataLoader   : Could not locate PropertySource ([ConfigServerConfigDataResource@82c57b3 uris = array<String>['http://config-server:8888/'], optional = true, profiles = 'chaos-monkey']): I/O error on GET request for "http://config-server:8888/vets-service/chaos-monkey": config-server
2024-09-24T08:36:31.164Z  INFO 22312 --- [vets-service] [           main] [                                                 ] o.s.c.c.c.ConfigServerConfigDataLoader   : Fetching config from server at : http://config-server:8888/
2024-09-24T08:36:31.164Z  INFO 22312 --- [vets-service] [           main] [                                                 ] o.s.c.c.c.ConfigServerConfigDataLoader   : Exception on Url - http://config-server:8888/:org.springframework.web.client.ResourceAccessException: I/O error on GET request for "http://config-server:8888/vets-service/default": config-server. Will be trying the next url if available
2024-09-24T08:36:31.164Z  WARN 22312 --- [vets-service] [           main] [                                                 ] o.s.c.c.c.ConfigServerConfigDataLoader   : Could not locate PropertySource ([ConfigServerConfigDataResource@5be82d43 uris = array<String>['http://config-server:8888/'], optional = true, profiles = 'default']): I/O error on GET request for "http://config-server:8888/vets-service/default": config-server
2024-09-24T08:36:43.774Z  INFO 22312 --- [vets-service] [           main] [                                                 ] .s.d.r.c.RepositoryConfigurationDelegate : Bootstrapping Spring Data JPA repositories in DEFAULT mode.
2024-09-24T08:36:45.472Z  INFO 22312 --- [vets-service] [           main] [                                                 ] .s.d.r.c.RepositoryConfigurationDelegate : Finished Spring Data repository scanning in 1613 ms. Found 1 JPA repository interface.
2024-09-24T08:36:48.003Z  INFO 22312 --- [vets-service] [           main] [                                                 ] o.s.cloud.context.scope.GenericScope     : BeanFactory id=e8c166da-d216-36c9-9396-4eb962fcc4af
2024-09-24T08:36:49.070Z  WARN 22312 --- [vets-service] [           main] [                                                 ] trationDelegate$BeanPostProcessorChecker : Bean 'org.springframework.cloud.commons.config.CommonsConfigAutoConfiguration' of type [org.springframework.cloud.commons.config.CommonsConfigAutoConfiguration] is not eligible for getting processed by all BeanPostProcessors (for example: not eligible for auto-proxying). Is this bean getting eagerly injected into a currently created BeanPostProcessor [chaosMonkeyBeanPostProcessor]? Check the corresponding BeanPostProcessor declaration and its dependencies.
2024-09-24T08:36:49.095Z  WARN 22312 --- [vets-service] [           main] [                                                 ] trationDelegate$BeanPostProcessorChecker : Bean 'org.springframework.cloud.client.loadbalancer.LoadBalancerDefaultMappingsProviderAutoConfiguration' of type [org.springframework.cloud.client.loadbalancer.LoadBalancerDefaultMappingsProviderAutoConfiguration] is not eligible for getting processed by all BeanPostProcessors (for example: not eligible for auto-proxying). Is this bean getting eagerly injected into a currently created BeanPostProcessor [chaosMonkeyBeanPostProcessor]? Check the corresponding BeanPostProcessor declaration and its dependencies.
2024-09-24T08:36:49.105Z  WARN 22312 --- [vets-service] [           main] [                                                 ] trationDelegate$BeanPostProcessorChecker : Bean 'loadBalancerClientsDefaultsMappingsProvider' of type [org.springframework.cloud.client.loadbalancer.LoadBalancerDefaultMappingsProviderAutoConfiguration$$Lambda$758/0x000073050c502cb8] is not eligible for getting processed by all BeanPostProcessors (for example: not eligible for auto-proxying). Is this bean getting eagerly injected into a currently created BeanPostProcessor [chaosMonkeyBeanPostProcessor]? Check the corresponding BeanPostProcessor declaration and its dependencies.
2024-09-24T08:36:49.115Z  WARN 22312 --- [vets-service] [           main] [                                                 ] trationDelegate$BeanPostProcessorChecker : Bean 'defaultsBindHandlerAdvisor' of type [org.springframework.cloud.commons.config.DefaultsBindHandlerAdvisor] is not eligible for getting processed by all BeanPostProcessors (for example: not eligible for auto-proxying). Is this bean getting eagerly injected into a currently created BeanPostProcessor [chaosMonkeyBeanPostProcessor]? Check the corresponding BeanPostProcessor declaration and its dependencies.
2024-09-24T08:36:49.144Z  WARN 22312 --- [vets-service] [           main] [                                                 ] trationDelegate$BeanPostProcessorChecker : Bean 'chaos.monkey.watcher-de.codecentric.spring.boot.chaos.monkey.configuration.WatcherProperties' of type [de.codecentric.spring.boot.chaos.monkey.configuration.WatcherProperties] is not eligible for getting processed by all BeanPostProcessors (for example: not eligible for auto-proxying). Is this bean getting eagerly injected into a currently created BeanPostProcessor [chaosMonkeyBeanPostProcessor]? Check the corresponding BeanPostProcessor declaration and its dependencies.
2024-09-24T08:36:49.157Z  WARN 22312 --- [vets-service] [           main] [                                                 ] trationDelegate$BeanPostProcessorChecker : Bean 'de.codecentric.spring.boot.chaos.monkey.configuration.ChaosMonkeyAdvisorConfiguration' of type [de.codecentric.spring.boot.chaos.monkey.configuration.ChaosMonkeyAdvisorConfiguration$$SpringCGLIB$$0] is not eligible for getting processed by all BeanPostProcessors (for example: not eligible for auto-proxying). The currently created BeanPostProcessor [chaosMonkeyBeanPostProcessor] is declared through a non-static factory method on that class; consider declaring it as static instead.
2024-09-24T08:36:49.205Z  WARN 22312 --- [vets-service] [           main] [                                                 ] trationDelegate$BeanPostProcessorChecker : Bean 'chaos.monkey-de.codecentric.spring.boot.chaos.monkey.configuration.ChaosMonkeyProperties' of type [de.codecentric.spring.boot.chaos.monkey.configuration.ChaosMonkeyProperties] is not eligible for getting processed by all BeanPostProcessors (for example: not eligible for auto-proxying). Is this bean getting eagerly injected into a currently created BeanPostProcessor [chaosMonkeyBeanPostProcessor]? Check the corresponding BeanPostProcessor declaration and its dependencies.
2024-09-24T08:36:49.274Z  WARN 22312 --- [vets-service] [           main] [                                                 ] trationDelegate$BeanPostProcessorChecker : Bean 'chaos.monkey.assaults-de.codecentric.spring.boot.chaos.monkey.configuration.AssaultProperties' of type [de.codecentric.spring.boot.chaos.monkey.configuration.AssaultProperties] is not eligible for getting processed by all BeanPostProcessors (for example: not eligible for auto-proxying). Is this bean getting eagerly injected into a currently created BeanPostProcessor [chaosMonkeyBeanPostProcessor]? Check the corresponding BeanPostProcessor declaration and its dependencies.
2024-09-24T08:36:49.310Z  INFO 22312 --- [vets-service] [           main] [                                                 ] d.c.s.b.c.m.c.ChaosMonkeyConfiguration   : 
     _____ _                       __  __             _
    / ____| |                     |  \/  |           | |
   | |    | |__   __ _  ___  ___  | \  / | ___  _ __ | | _____ _   _
   | |    | '_ \ / _` |/ _ \/ __| | |\/| |/ _ \| '_ \| |/ / _ | | | |
   | |____| | | | (_| | (_) \__ \ | |  | | (_) | | | |   |  __| |_| |
    \_____|_| |_|\__,_|\___/|___/ |_|  |_|\___/|_| |_|_|\_\___|\__, |
                                                                __/ |
    _ready to do evil!                                         |___/

:: Chaos Monkey for Spring Boot                                    ::

2024-09-24T08:36:49.312Z  WARN 22312 --- [vets-service] [           main] [                                                 ] trationDelegate$BeanPostProcessorChecker : Bean 'de.codecentric.spring.boot.chaos.monkey.configuration.ChaosMonkeyConfiguration' of type [de.codecentric.spring.boot.chaos.monkey.configuration.ChaosMonkeyConfiguration] is not eligible for getting processed by all BeanPostProcessors (for example: not eligible for auto-proxying). Is this bean getting eagerly injected into a currently created BeanPostProcessor [chaosMonkeyBeanPostProcessor]? Check the corresponding BeanPostProcessor declaration and its dependencies.
2024-09-24T08:36:49.359Z  WARN 22312 --- [vets-service] [           main] [                                                 ] trationDelegate$BeanPostProcessorChecker : Bean 'chaosMonkeySettings' of type [de.codecentric.spring.boot.chaos.monkey.configuration.ChaosMonkeySettings] is not eligible for getting processed by all BeanPostProcessors (for example: not eligible for auto-proxying). Is this bean getting eagerly injected into a currently created BeanPostProcessor [chaosMonkeyBeanPostProcessor]? Check the corresponding BeanPostProcessor declaration and its dependencies.
2024-09-24T08:36:49.378Z  WARN 22312 --- [vets-service] [           main] [                                                 ] trationDelegate$BeanPostProcessorChecker : Bean 'chaosMonkeyMetricsPublisher' of type [de.codecentric.spring.boot.chaos.monkey.component.MetricEventPublisher] is not eligible for getting processed by all BeanPostProcessors (for example: not eligible for auto-proxying). Is this bean getting eagerly injected into a currently created BeanPostProcessor [chaosMonkeyBeanPostProcessor]? Check the corresponding BeanPostProcessor declaration and its dependencies.
2024-09-24T08:36:49.401Z  WARN 22312 --- [vets-service] [           main] [                                                 ] trationDelegate$BeanPostProcessorChecker : Bean 'latencyAssault' of type [de.codecentric.spring.boot.chaos.monkey.assaults.LatencyAssault] is not eligible for getting processed by all BeanPostProcessors (for example: not eligible for auto-proxying). Is this bean getting eagerly injected into a currently created BeanPostProcessor [chaosMonkeyBeanPostProcessor]? Check the corresponding BeanPostProcessor declaration and its dependencies.
2024-09-24T08:36:49.416Z  WARN 22312 --- [vets-service] [           main] [                                                 ] trationDelegate$BeanPostProcessorChecker : Bean 'exceptionAssault' of type [de.codecentric.spring.boot.chaos.monkey.assaults.ExceptionAssault] is not eligible for getting processed by all BeanPostProcessors (for example: not eligible for auto-proxying). Is this bean getting eagerly injected into a currently created BeanPostProcessor [chaosMonkeyBeanPostProcessor]? Check the corresponding BeanPostProcessor declaration and its dependencies.
2024-09-24T08:36:49.442Z  WARN 22312 --- [vets-service] [           main] [                                                 ] trationDelegate$BeanPostProcessorChecker : Bean 'killAppAssault' of type [de.codecentric.spring.boot.chaos.monkey.assaults.KillAppAssault] is not eligible for getting processed by all BeanPostProcessors (for example: not eligible for auto-proxying). Is this bean getting eagerly injected into a currently created BeanPostProcessor [chaosMonkeyBeanPostProcessor]? Check the corresponding BeanPostProcessor declaration and its dependencies.
2024-09-24T08:36:49.457Z  WARN 22312 --- [vets-service] [           main] [                                                 ] trationDelegate$BeanPostProcessorChecker : Bean 'memoryAssault' of type [de.codecentric.spring.boot.chaos.monkey.assaults.MemoryAssault] is not eligible for getting processed by all BeanPostProcessors (for example: not eligible for auto-proxying). Is this bean getting eagerly injected into a currently created BeanPostProcessor [chaosMonkeyBeanPostProcessor]? Check the corresponding BeanPostProcessor declaration and its dependencies.
2024-09-24T08:36:49.638Z  WARN 22312 --- [vets-service] [           main] [                                                 ] trationDelegate$BeanPostProcessorChecker : Bean 'cpuAssault' of type [de.codecentric.spring.boot.chaos.monkey.assaults.CpuAssault] is not eligible for getting processed by all BeanPostProcessors (for example: not eligible for auto-proxying). Is this bean getting eagerly injected into a currently created BeanPostProcessor [chaosMonkeyBeanPostProcessor]? Check the corresponding BeanPostProcessor declaration and its dependencies.
2024-09-24T08:36:49.656Z  WARN 22312 --- [vets-service] [           main] [                                                 ] trationDelegate$BeanPostProcessorChecker : Bean 'chaosToggles' of type [de.codecentric.spring.boot.chaos.monkey.configuration.toggles.DefaultChaosToggles] is not eligible for getting processed by all BeanPostProcessors (for example: not eligible for auto-proxying). Is this bean getting eagerly injected into a currently created BeanPostProcessor [chaosMonkeyBeanPostProcessor]? Check the corresponding BeanPostProcessor declaration and its dependencies.
2024-09-24T08:36:49.684Z  WARN 22312 --- [vets-service] [           main] [                                                 ] trationDelegate$BeanPostProcessorChecker : Bean 'chaosToggleNameMapper' of type [de.codecentric.spring.boot.chaos.monkey.configuration.toggles.DefaultChaosToggleNameMapper] is not eligible for getting processed by all BeanPostProcessors (for example: not eligible for auto-proxying). Is this bean getting eagerly injected into a currently created BeanPostProcessor [chaosMonkeyBeanPostProcessor]? Check the corresponding BeanPostProcessor declaration and its dependencies.
2024-09-24T08:36:49.705Z  WARN 22312 --- [vets-service] [           main] [                                                 ] trationDelegate$BeanPostProcessorChecker : Bean 'chaosMonkeyRequestScope' of type [de.codecentric.spring.boot.chaos.monkey.component.ChaosMonkeyRequestScope] is not eligible for getting processed by all BeanPostProcessors (for example: not eligible for auto-proxying). Is this bean getting eagerly injected into a currently created BeanPostProcessor [chaosMonkeyBeanPostProcessor]? Check the corresponding BeanPostProcessor declaration and its dependencies.
2024-09-24T08:36:52.355Z  WARN 22312 --- [vets-service] [           main] [                                                 ] trationDelegate$BeanPostProcessorChecker : Bean 'chaosMonkeyBaseClassFilter' of type [de.codecentric.spring.boot.chaos.monkey.watcher.advice.filter.ChaosMonkeyBaseClassFilter] is not eligible for getting processed by all BeanPostProcessors (for example: not eligible for auto-proxying). Is this bean getting eagerly injected into a currently created BeanPostProcessor [chaosMonkeyRestTemplatePostProcessor]? Check the corresponding BeanPostProcessor declaration and its dependencies.
2024-09-24T08:36:52.440Z  WARN 22312 --- [vets-service] [           main] [                                                 ] trationDelegate$BeanPostProcessorChecker : Bean 'controllerPointcutAdvisor' of type [de.codecentric.spring.boot.chaos.monkey.watcher.advice.advisor.ChaosMonkeyAnnotationPointcutAdvisor] is not eligible for getting processed by all BeanPostProcessors (for example: not eligible for auto-proxying). Is this bean getting eagerly injected into a currently created BeanPostProcessor [chaosMonkeyRestTemplatePostProcessor]? Check the corresponding BeanPostProcessor declaration and its dependencies.
2024-09-24T08:36:52.461Z  WARN 22312 --- [vets-service] [           main] [                                                 ] trationDelegate$BeanPostProcessorChecker : Bean 'restControllerPointcutAdvisor' of type [de.codecentric.spring.boot.chaos.monkey.watcher.advice.advisor.ChaosMonkeyAnnotationPointcutAdvisor] is not eligible for getting processed by all BeanPostProcessors (for example: not eligible for auto-proxying). Is this bean getting eagerly injected into a currently created BeanPostProcessor [chaosMonkeyRestTemplatePostProcessor]? Check the corresponding BeanPostProcessor declaration and its dependencies.
2024-09-24T08:36:52.471Z  WARN 22312 --- [vets-service] [           main] [                                                 ] trationDelegate$BeanPostProcessorChecker : Bean 'servicePointcutAdvisor' of type [de.codecentric.spring.boot.chaos.monkey.watcher.advice.advisor.ChaosMonkeyAnnotationPointcutAdvisor] is not eligible for getting processed by all BeanPostProcessors (for example: not eligible for auto-proxying). Is this bean getting eagerly injected into a currently created BeanPostProcessor [chaosMonkeyRestTemplatePostProcessor]? Check the corresponding BeanPostProcessor declaration and its dependencies.
2024-09-24T08:36:52.496Z  WARN 22312 --- [vets-service] [           main] [                                                 ] trationDelegate$BeanPostProcessorChecker : Bean 'componentPointcutAdvisor' of type [de.codecentric.spring.boot.chaos.monkey.watcher.advice.advisor.ChaosMonkeyAnnotationPointcutAdvisor] is not eligible for getting processed by all BeanPostProcessors (for example: not eligible for auto-proxying). Is this bean getting eagerly injected into a currently created BeanPostProcessor [chaosMonkeyRestTemplatePostProcessor]? Check the corresponding BeanPostProcessor declaration and its dependencies.
2024-09-24T08:36:52.523Z  WARN 22312 --- [vets-service] [           main] [                                                 ] trationDelegate$BeanPostProcessorChecker : Bean 'jpaRepositoryPointcutAdvisor' of type [de.codecentric.spring.boot.chaos.monkey.watcher.advice.advisor.ChaosMonkeyPointcutAdvisor] is not eligible for getting processed by all BeanPostProcessors (for example: not eligible for auto-proxying). Is this bean getting eagerly injected into a currently created BeanPostProcessor [chaosMonkeyRestTemplatePostProcessor]? Check the corresponding BeanPostProcessor declaration and its dependencies.
2024-09-24T08:36:52.555Z  WARN 22312 --- [vets-service] [           main] [                                                 ] trationDelegate$BeanPostProcessorChecker : Bean 'jdbcRepositoryPointcutAdvisor' of type [de.codecentric.spring.boot.chaos.monkey.watcher.advice.advisor.ChaosMonkeyPointcutAdvisor] is not eligible for getting processed by all BeanPostProcessors (for example: not eligible for auto-proxying). Is this bean getting eagerly injected into a currently created BeanPostProcessor [chaosMonkeyRestTemplatePostProcessor]? Check the corresponding BeanPostProcessor declaration and its dependencies.
2024-09-24T08:36:52.576Z  WARN 22312 --- [vets-service] [           main] [                                                 ] trationDelegate$BeanPostProcessorChecker : Bean 'healthIndicatorAdviceProvider' of type [de.codecentric.spring.boot.chaos.monkey.watcher.advice.advisor.ChaosMonkeyPointcutAdvisor] is not eligible for getting processed by all BeanPostProcessors (for example: not eligible for auto-proxying). Is this bean getting eagerly injected into a currently created BeanPostProcessor [chaosMonkeyRestTemplatePostProcessor]? Check the corresponding BeanPostProcessor declaration and its dependencies.
2024-09-24T08:36:52.585Z  WARN 22312 --- [vets-service] [           main] [                                                 ] trationDelegate$BeanPostProcessorChecker : Bean 'de.codecentric.spring.boot.chaos.monkey.configuration.ChaosMonkeyRestTemplateConfiguration' of type [de.codecentric.spring.boot.chaos.monkey.configuration.ChaosMonkeyRestTemplateConfiguration$$SpringCGLIB$$0] is not eligible for getting processed by all BeanPostProcessors (for example: not eligible for auto-proxying). The currently created BeanPostProcessor [chaosMonkeyRestTemplatePostProcessor] is declared through a non-static factory method on that class; consider declaring it as static instead.
2024-09-24T08:36:52.624Z  WARN 22312 --- [vets-service] [           main] [                                                 ] trationDelegate$BeanPostProcessorChecker : Bean 'chaosMonkeyRestTemplateInterceptor' of type [de.codecentric.spring.boot.chaos.monkey.watcher.outgoing.ChaosMonkeyRestTemplateWatcher] is not eligible for getting processed by all BeanPostProcessors (for example: not eligible for auto-proxying). Is this bean getting eagerly injected into a currently created BeanPostProcessor [chaosMonkeyRestTemplatePostProcessor]? Check the corresponding BeanPostProcessor declaration and its dependencies.
2024-09-24T08:36:52.639Z  WARN 22312 --- [vets-service] [           main] [                                                 ] trationDelegate$BeanPostProcessorChecker : Bean 'chaosMonkeyRestTemplateCustomizer' of type [de.codecentric.spring.boot.chaos.monkey.watcher.outgoing.ChaosMonkeyRestTemplateCustomizer] is not eligible for getting processed by all BeanPostProcessors (for example: not eligible for auto-proxying). Is this bean getting eagerly injected into a currently created BeanPostProcessor [chaosMonkeyRestTemplatePostProcessor]? Check the corresponding BeanPostProcessor declaration and its dependencies.
2024-09-24T08:36:52.984Z  WARN 22312 --- [vets-service] [           main] [                                                 ] trationDelegate$BeanPostProcessorChecker : Bean 'org.springframework.cloud.client.loadbalancer.LoadBalancerAutoConfiguration$DeferringLoadBalancerInterceptorConfig' of type [org.springframework.cloud.client.loadbalancer.LoadBalancerAutoConfiguration$DeferringLoadBalancerInterceptorConfig] is not eligible for getting processed by all BeanPostProcessors (for example: not eligible for auto-proxying). The currently created BeanPostProcessor [lbRestClientPostProcessor] is declared through a non-static factory method on that class; consider declaring it as static instead.
2024-09-24T08:36:52.994Z  WARN 22312 --- [vets-service] [           main] [                                                 ] trationDelegate$BeanPostProcessorChecker : Bean 'deferringLoadBalancerInterceptor' of type [org.springframework.cloud.client.loadbalancer.DeferringLoadBalancerInterceptor] is not eligible for getting processed by all BeanPostProcessors (for example: not eligible for auto-proxying). Is this bean getting eagerly injected into a currently created BeanPostProcessor [lbRestClientPostProcessor]? Check the corresponding BeanPostProcessor declaration and its dependencies.
2024-09-24T08:36:55.209Z  INFO 22312 --- [vets-service] [           main] [                                                 ] o.s.b.w.embedded.tomcat.TomcatWebServer  : Tomcat initialized with port 8083 (http)
2024-09-24T08:36:55.314Z  INFO 22312 --- [vets-service] [           main] [                                                 ] o.apache.catalina.core.StandardService   : Starting service [Tomcat]
2024-09-24T08:36:55.317Z  INFO 22312 --- [vets-service] [           main] [                                                 ] o.apache.catalina.core.StandardEngine    : Starting Servlet engine: [Apache Tomcat/10.1.25]
2024-09-24T08:36:55.549Z  INFO 22312 --- [vets-service] [           main] [                                                 ] o.a.c.c.C.[Tomcat].[localhost].[/]       : Initializing Spring embedded WebApplicationContext
2024-09-24T08:36:55.551Z  INFO 22312 --- [vets-service] [           main] [                                                 ] w.s.c.ServletWebServerApplicationContext : Root WebApplicationContext: initialization completed in 24311 ms
2024-09-24T08:37:02.487Z  INFO 22312 --- [vets-service] [           main] [                                                 ] com.zaxxer.hikari.HikariDataSource       : HikariPool-1 - Starting...
2024-09-24T08:37:04.819Z ERROR 22312 --- [vets-service] [           main] [                                                 ] com.zaxxer.hikari.pool.HikariPool        : HikariPool-1 - Exception during pool initialization.

com.mysql.cj.jdbc.exceptions.CommunicationsException: Communications link failure

The last packet sent successfully to the server was 0 milliseconds ago. The driver has not received any packets from the server.
	at com.mysql.cj.jdbc.exceptions.SQLError.createCommunicationsException(SQLError.java:174)
	at com.mysql.cj.jdbc.exceptions.SQLExceptionsMapping.translateException(SQLExceptionsMapping.java:64)
	at com.mysql.cj.jdbc.ConnectionImpl.createNewIO(ConnectionImpl.java:815)
	at com.mysql.cj.jdbc.ConnectionImpl.<init>(ConnectionImpl.java:438)
	at com.mysql.cj.jdbc.ConnectionImpl.getInstance(ConnectionImpl.java:241)
	at com.mysql.cj.jdbc.NonRegisteringDriver.connect(NonRegisteringDriver.java:189)
	at com.zaxxer.hikari.util.DriverDataSource.getConnection(DriverDataSource.java:138)
	at com.zaxxer.hikari.pool.PoolBase.newConnection(PoolBase.java:359)
	at com.zaxxer.hikari.pool.PoolBase.newPoolEntry(PoolBase.java:201)
	at com.zaxxer.hikari.pool.HikariPool.createPoolEntry(HikariPool.java:470)
	at com.zaxxer.hikari.pool.HikariPool.checkFailFast(HikariPool.java:561)
	at com.zaxxer.hikari.pool.HikariPool.<init>(HikariPool.java:100)
	at com.zaxxer.hikari.HikariDataSource.getConnection(HikariDataSource.java:112)
	at net.ttddyy.observation.boot.autoconfigure.DefaultDataSourceNameResolver.resolve(DefaultDataSourceNameResolver.java:48)
	at net.ttddyy.observation.boot.autoconfigure.DataSourceObservationBeanPostProcessor.postProcessAfterInitialization(DataSourceObservationBeanPostProcessor.java:84)
	at org.springframework.beans.factory.support.AbstractAutowireCapableBeanFactory.applyBeanPostProcessorsAfterInitialization(AbstractAutowireCapableBeanFactory.java:438)
	at org.springframework.beans.factory.support.AbstractAutowireCapableBeanFactory.initializeBean(AbstractAutowireCapableBeanFactory.java:1791)
	at org.springframework.beans.factory.support.AbstractAutowireCapableBeanFactory.doCreateBean(AbstractAutowireCapableBeanFactory.java:600)
	at org.springframework.beans.factory.support.AbstractAutowireCapableBeanFactory.createBean(AbstractAutowireCapableBeanFactory.java:522)
	at org.springframework.beans.factory.support.AbstractBeanFactory.lambda$doGetBean$0(AbstractBeanFactory.java:337)
	at org.springframework.beans.factory.support.DefaultSingletonBeanRegistry.getSingleton(DefaultSingletonBeanRegistry.java:234)
	at org.springframework.beans.factory.support.AbstractBeanFactory.doGetBean(AbstractBeanFactory.java:335)
	at org.springframework.beans.factory.support.AbstractBeanFactory.getBean(AbstractBeanFactory.java:200)
	at org.springframework.beans.factory.config.DependencyDescriptor.resolveCandidate(DependencyDescriptor.java:254)
	at org.springframework.beans.factory.support.DefaultListableBeanFactory.doResolveDependency(DefaultListableBeanFactory.java:1443)
	at org.springframework.beans.factory.support.DefaultListableBeanFactory.resolveDependency(DefaultListableBeanFactory.java:1353)
	at org.springframework.beans.factory.support.ConstructorResolver.resolveAutowiredArgument(ConstructorResolver.java:904)
	at org.springframework.beans.factory.support.ConstructorResolver.createArgumentArray(ConstructorResolver.java:782)
	at org.springframework.beans.factory.support.ConstructorResolver.instantiateUsingFactoryMethod(ConstructorResolver.java:542)
	at org.springframework.beans.factory.support.AbstractAutowireCapableBeanFactory.instantiateUsingFactoryMethod(AbstractAutowireCapableBeanFactory.java:1337)
	at org.springframework.beans.factory.support.AbstractAutowireCapableBeanFactory.createBeanInstance(AbstractAutowireCapableBeanFactory.java:1167)
	at org.springframework.beans.factory.support.AbstractAutowireCapableBeanFactory.doCreateBean(AbstractAutowireCapableBeanFactory.java:562)
	at org.springframework.beans.factory.support.AbstractAutowireCapableBeanFactory.createBean(AbstractAutowireCapableBeanFactory.java:522)
	at org.springframework.beans.factory.support.AbstractBeanFactory.lambda$doGetBean$0(AbstractBeanFactory.java:337)
	at org.springframework.beans.factory.support.DefaultSingletonBeanRegistry.getSingleton(DefaultSingletonBeanRegistry.java:234)
	at org.springframework.beans.factory.support.AbstractBeanFactory.doGetBean(AbstractBeanFactory.java:335)
	at org.springframework.beans.factory.support.AbstractBeanFactory.getBean(AbstractBeanFactory.java:200)
	at org.springframework.beans.factory.support.AbstractBeanFactory.doGetBean(AbstractBeanFactory.java:313)
	at org.springframework.beans.factory.support.AbstractBeanFactory.getBean(AbstractBeanFactory.java:205)
	at org.springframework.context.support.AbstractApplicationContext.finishBeanFactoryInitialization(AbstractApplicationContext.java:952)
	at org.springframework.context.support.AbstractApplicationContext.refresh(AbstractApplicationContext.java:624)
	at org.springframework.boot.web.servlet.context.ServletWebServerApplicationContext.refresh(ServletWebServerApplicationContext.java:146)
	at org.springframework.boot.SpringApplication.refresh(SpringApplication.java:754)
	at org.springframework.boot.SpringApplication.refreshContext(SpringApplication.java:456)
	at org.springframework.boot.SpringApplication.run(SpringApplication.java:335)
	at org.springframework.boot.SpringApplication.run(SpringApplication.java:1363)
	at org.springframework.boot.SpringApplication.run(SpringApplication.java:1352)
	at org.springframework.samples.petclinic.vets.VetsServiceApplication.main(VetsServiceApplication.java:33)
	at java.base/jdk.internal.reflect.NativeMethodAccessorImpl.invoke0(Native Method)
	at java.base/jdk.internal.reflect.NativeMethodAccessorImpl.invoke(NativeMethodAccessorImpl.java:77)
	at java.base/jdk.internal.reflect.DelegatingMethodAccessorImpl.invoke(DelegatingMethodAccessorImpl.java:43)
	at java.base/java.lang.reflect.Method.invoke(Method.java:569)
	at org.springframework.boot.loader.launch.Launcher.launch(Launcher.java:91)
	at org.springframework.boot.loader.launch.Launcher.launch(Launcher.java:53)
	at org.springframework.boot.loader.launch.JarLauncher.main(JarLauncher.java:58)
Caused by: com.mysql.cj.exceptions.CJCommunicationsException: Communications link failure

The last packet sent successfully to the server was 0 milliseconds ago. The driver has not received any packets from the server.
	at java.base/jdk.internal.reflect.NativeConstructorAccessorImpl.newInstance0(Native Method)
	at java.base/jdk.internal.reflect.NativeConstructorAccessorImpl.newInstance(NativeConstructorAccessorImpl.java:77)
	at java.base/jdk.internal.reflect.DelegatingConstructorAccessorImpl.newInstance(DelegatingConstructorAccessorImpl.java:45)
	at java.base/java.lang.reflect.Constructor.newInstanceWithCaller(Constructor.java:500)
	at java.base/java.lang.reflect.Constructor.newInstance(Constructor.java:481)
	at com.mysql.cj.exceptions.ExceptionFactory.createException(ExceptionFactory.java:61)
	at com.mysql.cj.exceptions.ExceptionFactory.createException(ExceptionFactory.java:104)
	at com.mysql.cj.exceptions.ExceptionFactory.createException(ExceptionFactory.java:149)
	at com.mysql.cj.exceptions.ExceptionFactory.createCommunicationsException(ExceptionFactory.java:165)
	at com.mysql.cj.protocol.a.NativeSocketConnection.connect(NativeSocketConnection.java:88)
	at com.mysql.cj.NativeSession.connect(NativeSession.java:120)
	at com.mysql.cj.jdbc.ConnectionImpl.connectOneTryOnly(ConnectionImpl.java:935)
	at com.mysql.cj.jdbc.ConnectionImpl.createNewIO(ConnectionImpl.java:805)
	... 52 common frames omitted
Caused by: java.net.UnknownHostException: mysql: Temporary failure in name resolution
	at java.base/java.net.Inet6AddressImpl.lookupAllHostAddr(Native Method)
	at java.base/java.net.InetAddress$PlatformNameService.lookupAllHostAddr(InetAddress.java:934)
	at java.base/java.net.InetAddress.getAddressesFromNameService(InetAddress.java:1543)
	at java.base/java.net.InetAddress$NameServiceAddresses.get(InetAddress.java:852)
	at java.base/java.net.InetAddress.getAllByName0(InetAddress.java:1533)
	at java.base/java.net.InetAddress.getAllByName(InetAddress.java:1385)
	at java.base/java.net.InetAddress.getAllByName(InetAddress.java:1306)
	at com.mysql.cj.protocol.StandardSocketFactory.connect(StandardSocketFactory.java:130)
	at com.mysql.cj.protocol.a.NativeSocketConnection.connect(NativeSocketConnection.java:62)
	... 55 common frames omitted

2024-09-24T08:37:05.487Z  INFO 22312 --- [vets-service] [           main] [                                                 ] o.hibernate.jpa.internal.util.LogHelper  : HHH000204: Processing PersistenceUnitInfo [name: default]
2024-09-24T08:37:05.930Z  INFO 22312 --- [vets-service] [           main] [                                                 ] org.hibernate.Version                    : HHH000412: Hibernate ORM core version 6.4.9.Final
2024-09-24T08:37:06.173Z  INFO 22312 --- [vets-service] [           main] [                                                 ] o.h.c.internal.RegionFactoryInitiator    : HHH000026: Second-level cache disabled
2024-09-24T08:37:07.945Z  INFO 22312 --- [vets-service] [           main] [                                                 ] o.s.o.j.p.SpringPersistenceUnitInfo      : No LoadTimeWeaver setup: ignoring JPA class transformer
2024-09-24T08:37:08.150Z  INFO 22312 --- [vets-service] [           main] [                                                 ] com.zaxxer.hikari.HikariDataSource       : HikariPool-1 - Starting...
2024-09-24T08:37:09.164Z ERROR 22312 --- [vets-service] [           main] [                                                 ] com.zaxxer.hikari.pool.HikariPool        : HikariPool-1 - Exception during pool initialization.

com.mysql.cj.jdbc.exceptions.CommunicationsException: Communications link failure

The last packet sent successfully to the server was 0 milliseconds ago. The driver has not received any packets from the server.
	at com.mysql.cj.jdbc.exceptions.SQLError.createCommunicationsException(SQLError.java:174)
	at com.mysql.cj.jdbc.exceptions.SQLExceptionsMapping.translateException(SQLExceptionsMapping.java:64)
	at com.mysql.cj.jdbc.ConnectionImpl.createNewIO(ConnectionImpl.java:815)
	at com.mysql.cj.jdbc.ConnectionImpl.<init>(ConnectionImpl.java:438)
	at com.mysql.cj.jdbc.ConnectionImpl.getInstance(ConnectionImpl.java:241)
	at com.mysql.cj.jdbc.NonRegisteringDriver.connect(NonRegisteringDriver.java:189)
	at com.zaxxer.hikari.util.DriverDataSource.getConnection(DriverDataSource.java:138)
	at com.zaxxer.hikari.pool.PoolBase.newConnection(PoolBase.java:359)
	at com.zaxxer.hikari.pool.PoolBase.newPoolEntry(PoolBase.java:201)
	at com.zaxxer.hikari.pool.HikariPool.createPoolEntry(HikariPool.java:470)
	at com.zaxxer.hikari.pool.HikariPool.checkFailFast(HikariPool.java:561)
	at com.zaxxer.hikari.pool.HikariPool.<init>(HikariPool.java:100)
	at com.zaxxer.hikari.HikariDataSource.getConnection(HikariDataSource.java:112)
	at net.ttddyy.dsproxy.support.ProxyDataSource.getConnection(ProxyDataSource.java:72)
	at org.hibernate.engine.jdbc.connections.internal.DatasourceConnectionProviderImpl.getConnection(DatasourceConnectionProviderImpl.java:122)
	at org.hibernate.engine.jdbc.env.internal.JdbcEnvironmentInitiator$ConnectionProviderJdbcConnectionAccess.obtainConnection(JdbcEnvironmentInitiator.java:428)
	at org.hibernate.resource.transaction.backend.jdbc.internal.JdbcIsolationDelegate.delegateWork(JdbcIsolationDelegate.java:61)
	at org.hibernate.engine.jdbc.env.internal.JdbcEnvironmentInitiator.getJdbcEnvironmentUsingJdbcMetadata(JdbcEnvironmentInitiator.java:276)
	at org.hibernate.engine.jdbc.env.internal.JdbcEnvironmentInitiator.initiateService(JdbcEnvironmentInitiator.java:107)
	at org.hibernate.engine.jdbc.env.internal.JdbcEnvironmentInitiator.initiateService(JdbcEnvironmentInitiator.java:68)
	at org.hibernate.boot.registry.internal.StandardServiceRegistryImpl.initiateService(StandardServiceRegistryImpl.java:130)
	at org.hibernate.service.internal.AbstractServiceRegistryImpl.createService(AbstractServiceRegistryImpl.java:263)
	at org.hibernate.service.internal.AbstractServiceRegistryImpl.initializeService(AbstractServiceRegistryImpl.java:238)
	at org.hibernate.service.internal.AbstractServiceRegistryImpl.getService(AbstractServiceRegistryImpl.java:215)
	at org.hibernate.boot.model.relational.Database.<init>(Database.java:45)
	at org.hibernate.boot.internal.InFlightMetadataCollectorImpl.getDatabase(InFlightMetadataCollectorImpl.java:223)
	at org.hibernate.boot.internal.InFlightMetadataCollectorImpl.<init>(InFlightMetadataCollectorImpl.java:191)
	at org.hibernate.boot.model.process.spi.MetadataBuildingProcess.complete(MetadataBuildingProcess.java:170)
	at org.hibernate.jpa.boot.internal.EntityManagerFactoryBuilderImpl.metadata(EntityManagerFactoryBuilderImpl.java:1432)
	at org.hibernate.jpa.boot.internal.EntityManagerFactoryBuilderImpl.build(EntityManagerFactoryBuilderImpl.java:1503)
	at org.springframework.orm.jpa.vendor.SpringHibernateJpaPersistenceProvider.createContainerEntityManagerFactory(SpringHibernateJpaPersistenceProvider.java:75)
	at org.springframework.orm.jpa.LocalContainerEntityManagerFactoryBean.createNativeEntityManagerFactory(LocalContainerEntityManagerFactoryBean.java:390)
	at org.springframework.orm.jpa.AbstractEntityManagerFactoryBean.buildNativeEntityManagerFactory(AbstractEntityManagerFactoryBean.java:409)
	at org.springframework.orm.jpa.AbstractEntityManagerFactoryBean.afterPropertiesSet(AbstractEntityManagerFactoryBean.java:396)
	at org.springframework.orm.jpa.LocalContainerEntityManagerFactoryBean.afterPropertiesSet(LocalContainerEntityManagerFactoryBean.java:366)
	at org.springframework.beans.factory.support.AbstractAutowireCapableBeanFactory.invokeInitMethods(AbstractAutowireCapableBeanFactory.java:1835)
	at org.springframework.beans.factory.support.AbstractAutowireCapableBeanFactory.initializeBean(AbstractAutowireCapableBeanFactory.java:1784)
	at org.springframework.beans.factory.support.AbstractAutowireCapableBeanFactory.doCreateBean(AbstractAutowireCapableBeanFactory.java:600)
	at org.springframework.beans.factory.support.AbstractAutowireCapableBeanFactory.createBean(AbstractAutowireCapableBeanFactory.java:522)
	at org.springframework.beans.factory.support.AbstractBeanFactory.lambda$doGetBean$0(AbstractBeanFactory.java:337)
	at org.springframework.beans.factory.support.DefaultSingletonBeanRegistry.getSingleton(DefaultSingletonBeanRegistry.java:234)
	at org.springframework.beans.factory.support.AbstractBeanFactory.doGetBean(AbstractBeanFactory.java:335)
	at org.springframework.beans.factory.support.AbstractBeanFactory.getBean(AbstractBeanFactory.java:205)
	at org.springframework.context.support.AbstractApplicationContext.finishBeanFactoryInitialization(AbstractApplicationContext.java:952)
	at org.springframework.context.support.AbstractApplicationContext.refresh(AbstractApplicationContext.java:624)
	at org.springframework.boot.web.servlet.context.ServletWebServerApplicationContext.refresh(ServletWebServerApplicationContext.java:146)
	at org.springframework.boot.SpringApplication.refresh(SpringApplication.java:754)
	at org.springframework.boot.SpringApplication.refreshContext(SpringApplication.java:456)
	at org.springframework.boot.SpringApplication.run(SpringApplication.java:335)
	at org.springframework.boot.SpringApplication.run(SpringApplication.java:1363)
	at org.springframework.boot.SpringApplication.run(SpringApplication.java:1352)
	at org.springframework.samples.petclinic.vets.VetsServiceApplication.main(VetsServiceApplication.java:33)
	at java.base/jdk.internal.reflect.NativeMethodAccessorImpl.invoke0(Native Method)
	at java.base/jdk.internal.reflect.NativeMethodAccessorImpl.invoke(NativeMethodAccessorImpl.java:77)
	at java.base/jdk.internal.reflect.DelegatingMethodAccessorImpl.invoke(DelegatingMethodAccessorImpl.java:43)
	at java.base/java.lang.reflect.Method.invoke(Method.java:569)
	at org.springframework.boot.loader.launch.Launcher.launch(Launcher.java:91)
	at org.springframework.boot.loader.launch.Launcher.launch(Launcher.java:53)
	at org.springframework.boot.loader.launch.JarLauncher.main(JarLauncher.java:58)
Caused by: com.mysql.cj.exceptions.CJCommunicationsException: Communications link failure

The last packet sent successfully to the server was 0 milliseconds ago. The driver has not received any packets from the server.
	at java.base/jdk.internal.reflect.NativeConstructorAccessorImpl.newInstance0(Native Method)
	at java.base/jdk.internal.reflect.NativeConstructorAccessorImpl.newInstance(NativeConstructorAccessorImpl.java:77)
	at java.base/jdk.internal.reflect.DelegatingConstructorAccessorImpl.newInstance(DelegatingConstructorAccessorImpl.java:45)
	at java.base/java.lang.reflect.Constructor.newInstanceWithCaller(Constructor.java:500)
	at java.base/java.lang.reflect.Constructor.newInstance(Constructor.java:481)
	at com.mysql.cj.exceptions.ExceptionFactory.createException(ExceptionFactory.java:61)
	at com.mysql.cj.exceptions.ExceptionFactory.createException(ExceptionFactory.java:104)
	at com.mysql.cj.exceptions.ExceptionFactory.createException(ExceptionFactory.java:149)
	at com.mysql.cj.exceptions.ExceptionFactory.createCommunicationsException(ExceptionFactory.java:165)
	at com.mysql.cj.protocol.a.NativeSocketConnection.connect(NativeSocketConnection.java:88)
	at com.mysql.cj.NativeSession.connect(NativeSession.java:120)
	at com.mysql.cj.jdbc.ConnectionImpl.connectOneTryOnly(ConnectionImpl.java:935)
	at com.mysql.cj.jdbc.ConnectionImpl.createNewIO(ConnectionImpl.java:805)
	... 56 common frames omitted
Caused by: java.net.UnknownHostException: mysql
	at java.base/java.net.InetAddress$CachedAddresses.get(InetAddress.java:801)
	at java.base/java.net.InetAddress.getAllByName0(InetAddress.java:1533)
	at java.base/java.net.InetAddress.getAllByName(InetAddress.java:1385)
	at java.base/java.net.InetAddress.getAllByName(InetAddress.java:1306)
	at com.mysql.cj.protocol.StandardSocketFactory.connect(StandardSocketFactory.java:130)
	at com.mysql.cj.protocol.a.NativeSocketConnection.connect(NativeSocketConnection.java:62)
	... 59 common frames omitted

2024-09-24T08:37:09.171Z  WARN 22312 --- [vets-service] [           main] [                                                 ] o.h.e.j.e.i.JdbcEnvironmentInitiator     : HHH000342: Could not obtain connection to query metadata

java.lang.NullPointerException: Cannot invoke "org.hibernate.engine.jdbc.spi.SqlExceptionHelper.convert(java.sql.SQLException, String)" because the return value of "org.hibernate.resource.transaction.backend.jdbc.internal.JdbcIsolationDelegate.sqlExceptionHelper()" is null
	at org.hibernate.resource.transaction.backend.jdbc.internal.JdbcIsolationDelegate.delegateWork(JdbcIsolationDelegate.java:116)
	at org.hibernate.engine.jdbc.env.internal.JdbcEnvironmentInitiator.getJdbcEnvironmentUsingJdbcMetadata(JdbcEnvironmentInitiator.java:276)
	at org.hibernate.engine.jdbc.env.internal.JdbcEnvironmentInitiator.initiateService(JdbcEnvironmentInitiator.java:107)
	at org.hibernate.engine.jdbc.env.internal.JdbcEnvironmentInitiator.initiateService(JdbcEnvironmentInitiator.java:68)
	at org.hibernate.boot.registry.internal.StandardServiceRegistryImpl.initiateService(StandardServiceRegistryImpl.java:130)
	at org.hibernate.service.internal.AbstractServiceRegistryImpl.createService(AbstractServiceRegistryImpl.java:263)
	at org.hibernate.service.internal.AbstractServiceRegistryImpl.initializeService(AbstractServiceRegistryImpl.java:238)
	at org.hibernate.service.internal.AbstractServiceRegistryImpl.getService(AbstractServiceRegistryImpl.java:215)
	at org.hibernate.boot.model.relational.Database.<init>(Database.java:45)
	at org.hibernate.boot.internal.InFlightMetadataCollectorImpl.getDatabase(InFlightMetadataCollectorImpl.java:223)
	at org.hibernate.boot.internal.InFlightMetadataCollectorImpl.<init>(InFlightMetadataCollectorImpl.java:191)
	at org.hibernate.boot.model.process.spi.MetadataBuildingProcess.complete(MetadataBuildingProcess.java:170)
	at org.hibernate.jpa.boot.internal.EntityManagerFactoryBuilderImpl.metadata(EntityManagerFactoryBuilderImpl.java:1432)
	at org.hibernate.jpa.boot.internal.EntityManagerFactoryBuilderImpl.build(EntityManagerFactoryBuilderImpl.java:1503)
	at org.springframework.orm.jpa.vendor.SpringHibernateJpaPersistenceProvider.createContainerEntityManagerFactory(SpringHibernateJpaPersistenceProvider.java:75)
	at org.springframework.orm.jpa.LocalContainerEntityManagerFactoryBean.createNativeEntityManagerFactory(LocalContainerEntityManagerFactoryBean.java:390)
	at org.springframework.orm.jpa.AbstractEntityManagerFactoryBean.buildNativeEntityManagerFactory(AbstractEntityManagerFactoryBean.java:409)
	at org.springframework.orm.jpa.AbstractEntityManagerFactoryBean.afterPropertiesSet(AbstractEntityManagerFactoryBean.java:396)
	at org.springframework.orm.jpa.LocalContainerEntityManagerFactoryBean.afterPropertiesSet(LocalContainerEntityManagerFactoryBean.java:366)
	at org.springframework.beans.factory.support.AbstractAutowireCapableBeanFactory.invokeInitMethods(AbstractAutowireCapableBeanFactory.java:1835)
	at org.springframework.beans.factory.support.AbstractAutowireCapableBeanFactory.initializeBean(AbstractAutowireCapableBeanFactory.java:1784)
	at org.springframework.beans.factory.support.AbstractAutowireCapableBeanFactory.doCreateBean(AbstractAutowireCapableBeanFactory.java:600)
	at org.springframework.beans.factory.support.AbstractAutowireCapableBeanFactory.createBean(AbstractAutowireCapableBeanFactory.java:522)
	at org.springframework.beans.factory.support.AbstractBeanFactory.lambda$doGetBean$0(AbstractBeanFactory.java:337)
	at org.springframework.beans.factory.support.DefaultSingletonBeanRegistry.getSingleton(DefaultSingletonBeanRegistry.java:234)
	at org.springframework.beans.factory.support.AbstractBeanFactory.doGetBean(AbstractBeanFactory.java:335)
	at org.springframework.beans.factory.support.AbstractBeanFactory.getBean(AbstractBeanFactory.java:205)
	at org.springframework.context.support.AbstractApplicationContext.finishBeanFactoryInitialization(AbstractApplicationContext.java:952)
	at org.springframework.context.support.AbstractApplicationContext.refresh(AbstractApplicationContext.java:624)
	at org.springframework.boot.web.servlet.context.ServletWebServerApplicationContext.refresh(ServletWebServerApplicationContext.java:146)
	at org.springframework.boot.SpringApplication.refresh(SpringApplication.java:754)
	at org.springframework.boot.SpringApplication.refreshContext(SpringApplication.java:456)
	at org.springframework.boot.SpringApplication.run(SpringApplication.java:335)
	at org.springframework.boot.SpringApplication.run(SpringApplication.java:1363)
	at org.springframework.boot.SpringApplication.run(SpringApplication.java:1352)
	at org.springframework.samples.petclinic.vets.VetsServiceApplication.main(VetsServiceApplication.java:33)
	at java.base/jdk.internal.reflect.NativeMethodAccessorImpl.invoke0(Native Method)
	at java.base/jdk.internal.reflect.NativeMethodAccessorImpl.invoke(NativeMethodAccessorImpl.java:77)
	at java.base/jdk.internal.reflect.DelegatingMethodAccessorImpl.invoke(DelegatingMethodAccessorImpl.java:43)
	at java.base/java.lang.reflect.Method.invoke(Method.java:569)
	at org.springframework.boot.loader.launch.Launcher.launch(Launcher.java:91)
	at org.springframework.boot.loader.launch.Launcher.launch(Launcher.java:53)
	at org.springframework.boot.loader.launch.JarLauncher.main(JarLauncher.java:58)

2024-09-24T08:37:09.176Z ERROR 22312 --- [vets-service] [           main] [                                                 ] j.LocalContainerEntityManagerFactoryBean : Failed to initialize JPA EntityManagerFactory: Unable to create requested service [org.hibernate.engine.jdbc.env.spi.JdbcEnvironment] due to: Unable to determine Dialect without JDBC metadata (please set 'jakarta.persistence.jdbc.url' for common cases or 'hibernate.dialect' when a custom Dialect implementation must be provided)
2024-09-24T08:37:09.180Z  WARN 22312 --- [vets-service] [           main] [                                                 ] ConfigServletWebServerApplicationContext : Exception encountered during context initialization - cancelling refresh attempt: org.springframework.beans.factory.BeanCreationException: Error creating bean with name 'entityManagerFactory' defined in class path resource [org/springframework/boot/autoconfigure/orm/jpa/HibernateJpaConfiguration.class]: Unable to create requested service [org.hibernate.engine.jdbc.env.spi.JdbcEnvironment] due to: Unable to determine Dialect without JDBC metadata (please set 'jakarta.persistence.jdbc.url' for common cases or 'hibernate.dialect' when a custom Dialect implementation must be provided)
2024-09-24T08:37:10.183Z  WARN 22312 --- [vets-service] [           main] [                                                 ] z.r.AsyncReporter$BoundedAsyncReporter   : Timed out waiting for in-flight spans to send
2024-09-24T08:37:10.197Z  INFO 22312 --- [vets-service] [           main] [                                                 ] o.apache.catalina.core.StandardService   : Stopping service [Tomcat]
2024-09-24T08:37:10.310Z  INFO 22312 --- [vets-service] [           main] [                                                 ] .s.b.a.l.ConditionEvaluationReportLogger : 

Error starting ApplicationContext. To display the condition evaluation report re-run your application with 'debug' enabled.
2024-09-24T08:37:10.390Z ERROR 22312 --- [vets-service] [           main] [                                                 ] o.s.boot.SpringApplication               : Application run failed

org.springframework.beans.factory.BeanCreationException: Error creating bean with name 'entityManagerFactory' defined in class path resource [org/springframework/boot/autoconfigure/orm/jpa/HibernateJpaConfiguration.class]: Unable to create requested service [org.hibernate.engine.jdbc.env.spi.JdbcEnvironment] due to: Unable to determine Dialect without JDBC metadata (please set 'jakarta.persistence.jdbc.url' for common cases or 'hibernate.dialect' when a custom Dialect implementation must be provided)
	at org.springframework.beans.factory.support.AbstractAutowireCapableBeanFactory.initializeBean(AbstractAutowireCapableBeanFactory.java:1788)
	at org.springframework.beans.factory.support.AbstractAutowireCapableBeanFactory.doCreateBean(AbstractAutowireCapableBeanFactory.java:600)
	at org.springframework.beans.factory.support.AbstractAutowireCapableBeanFactory.createBean(AbstractAutowireCapableBeanFactory.java:522)
	at org.springframework.beans.factory.support.AbstractBeanFactory.lambda$doGetBean$0(AbstractBeanFactory.java:337)
	at org.springframework.beans.factory.support.DefaultSingletonBeanRegistry.getSingleton(DefaultSingletonBeanRegistry.java:234)
	at org.springframework.beans.factory.support.AbstractBeanFactory.doGetBean(AbstractBeanFactory.java:335)
	at org.springframework.beans.factory.support.AbstractBeanFactory.getBean(AbstractBeanFactory.java:205)
	at org.springframework.context.support.AbstractApplicationContext.finishBeanFactoryInitialization(AbstractApplicationContext.java:952)
	at org.springframework.context.support.AbstractApplicationContext.refresh(AbstractApplicationContext.java:624)
	at org.springframework.boot.web.servlet.context.ServletWebServerApplicationContext.refresh(ServletWebServerApplicationContext.java:146)
	at org.springframework.boot.SpringApplication.refresh(SpringApplication.java:754)
	at org.springframework.boot.SpringApplication.refreshContext(SpringApplication.java:456)
	at org.springframework.boot.SpringApplication.run(SpringApplication.java:335)
	at org.springframework.boot.SpringApplication.run(SpringApplication.java:1363)
	at org.springframework.boot.SpringApplication.run(SpringApplication.java:1352)
	at org.springframework.samples.petclinic.vets.VetsServiceApplication.main(VetsServiceApplication.java:33)
	at java.base/jdk.internal.reflect.NativeMethodAccessorImpl.invoke0(Native Method)
	at java.base/jdk.internal.reflect.NativeMethodAccessorImpl.invoke(NativeMethodAccessorImpl.java:77)
	at java.base/jdk.internal.reflect.DelegatingMethodAccessorImpl.invoke(DelegatingMethodAccessorImpl.java:43)
	at java.base/java.lang.reflect.Method.invoke(Method.java:569)
	at org.springframework.boot.loader.launch.Launcher.launch(Launcher.java:91)
	at org.springframework.boot.loader.launch.Launcher.launch(Launcher.java:53)
	at org.springframework.boot.loader.launch.JarLauncher.main(JarLauncher.java:58)
Caused by: org.hibernate.service.spi.ServiceException: Unable to create requested service [org.hibernate.engine.jdbc.env.spi.JdbcEnvironment] due to: Unable to determine Dialect without JDBC metadata (please set 'jakarta.persistence.jdbc.url' for common cases or 'hibernate.dialect' when a custom Dialect implementation must be provided)
	at org.hibernate.service.internal.AbstractServiceRegistryImpl.createService(AbstractServiceRegistryImpl.java:276)
	at org.hibernate.service.internal.AbstractServiceRegistryImpl.initializeService(AbstractServiceRegistryImpl.java:238)
	at org.hibernate.service.internal.AbstractServiceRegistryImpl.getService(AbstractServiceRegistryImpl.java:215)
	at org.hibernate.boot.model.relational.Database.<init>(Database.java:45)
	at org.hibernate.boot.internal.InFlightMetadataCollectorImpl.getDatabase(InFlightMetadataCollectorImpl.java:223)
	at org.hibernate.boot.internal.InFlightMetadataCollectorImpl.<init>(InFlightMetadataCollectorImpl.java:191)
	at org.hibernate.boot.model.process.spi.MetadataBuildingProcess.complete(MetadataBuildingProcess.java:170)
	at org.hibernate.jpa.boot.internal.EntityManagerFactoryBuilderImpl.metadata(EntityManagerFactoryBuilderImpl.java:1432)
	at org.hibernate.jpa.boot.internal.EntityManagerFactoryBuilderImpl.build(EntityManagerFactoryBuilderImpl.java:1503)
	at org.springframework.orm.jpa.vendor.SpringHibernateJpaPersistenceProvider.createContainerEntityManagerFactory(SpringHibernateJpaPersistenceProvider.java:75)
	at org.springframework.orm.jpa.LocalContainerEntityManagerFactoryBean.createNativeEntityManagerFactory(LocalContainerEntityManagerFactoryBean.java:390)
	at org.springframework.orm.jpa.AbstractEntityManagerFactoryBean.buildNativeEntityManagerFactory(AbstractEntityManagerFactoryBean.java:409)
	at org.springframework.orm.jpa.AbstractEntityManagerFactoryBean.afterPropertiesSet(AbstractEntityManagerFactoryBean.java:396)
	at org.springframework.orm.jpa.LocalContainerEntityManagerFactoryBean.afterPropertiesSet(LocalContainerEntityManagerFactoryBean.java:366)
	at org.springframework.beans.factory.support.AbstractAutowireCapableBeanFactory.invokeInitMethods(AbstractAutowireCapableBeanFactory.java:1835)
	at org.springframework.beans.factory.support.AbstractAutowireCapableBeanFactory.initializeBean(AbstractAutowireCapableBeanFactory.java:1784)
	... 22 common frames omitted
Caused by: org.hibernate.HibernateException: Unable to determine Dialect without JDBC metadata (please set 'jakarta.persistence.jdbc.url' for common cases or 'hibernate.dialect' when a custom Dialect implementation must be provided)
	at org.hibernate.engine.jdbc.dialect.internal.DialectFactoryImpl.determineDialect(DialectFactoryImpl.java:191)
	at org.hibernate.engine.jdbc.dialect.internal.DialectFactoryImpl.buildDialect(DialectFactoryImpl.java:87)
	at org.hibernate.engine.jdbc.env.internal.JdbcEnvironmentInitiator.getJdbcEnvironmentWithDefaults(JdbcEnvironmentInitiator.java:143)
	at org.hibernate.engine.jdbc.env.internal.JdbcEnvironmentInitiator.getJdbcEnvironmentUsingJdbcMetadata(JdbcEnvironmentInitiator.java:348)
	at org.hibernate.engine.jdbc.env.internal.JdbcEnvironmentInitiator.initiateService(JdbcEnvironmentInitiator.java:107)
	at org.hibernate.engine.jdbc.env.internal.JdbcEnvironmentInitiator.initiateService(JdbcEnvironmentInitiator.java:68)
	at org.hibernate.boot.registry.internal.StandardServiceRegistryImpl.initiateService(StandardServiceRegistryImpl.java:130)
	at org.hibernate.service.internal.AbstractServiceRegistryImpl.createService(AbstractServiceRegistryImpl.java:263)
	... 37 common frames omitted

